<?xml version="1.0" encoding="UTF-8"?>
<testsuite xmlns:xsi="http://www.w3.org/2001/XMLSchema-instance" xsi:noNamespaceSchemaLocation="https://maven.apache.org/surefire/maven-surefire-plugin/xsd/surefire-test-report-3.0.xsd" version="3.0" name="ie.atu.PassengerTest" time="0.177" tests="13" errors="0" skipped="0" failures="0">
  <properties>
[...]
</properties>
  <testcase name="nameSetTest" classname="ie.atu.PassengerTest" time="0.087"/>
  <testcase name="detailsTest" classname="ie.atu.PassengerTest" time="0.003"/>
  <testcase name="phoneAlphTestFail" classname="ie.atu.PassengerTest" time="0.005"/>
  <testcase name="phoneLenTestFail" classname="ie.atu.PassengerTest" time="0.003"/>
  <testcase name="idTestFail" classname="ie.atu.PassengerTest" time="0.003"/>
  <testcase name="titleSetMrsTest" classname="ie.atu.PassengerTest" time="0.001"/>
  <testcase name="ageTestFail" classname="ie.atu.PassengerTest" time="0.002"/>
  <testcase name="nameTestFail" classname="ie.atu.PassengerTest" time="0.003"/>
  <testcase name="titleTestFail" classname="ie.atu.PassengerTest" time="0.003"/>
  <testcase name="ageSetTest" classname="ie.atu.PassengerTest" time="0.001"/>
  <testcase name="idSetTest" classname="ie.atu.PassengerTest" time="0.002"/>
  <testcase name="phoneSetTest" classname="ie.atu.PassengerTest" time="0.002"/>
  <testcase name="titleSetMsTest" classname="ie.atu.PassengerTest" time="0.002"/>
</testsuite>